  [1m[36m (45.4ms)[0m  [1mCREATE TABLE "schema_migrations" ("version" character varying(255) NOT NULL) [0m
  [1m[35m (2.2ms)[0m  CREATE UNIQUE INDEX  "unique_schema_migrations" ON "schema_migrations"  ("version")
  [1m[36mActiveRecord::SchemaMigration Load (0.5ms)[0m  [1mSELECT "schema_migrations".* FROM "schema_migrations"[0m
Migrating to CreateUsers (20141001194152)
  [1m[35m (0.2ms)[0m  BEGIN
  [1m[36m (57.8ms)[0m  [1mCREATE TABLE "users" ("id" serial primary key, "username" character varying(255), "password_digest" character varying(255), "email" character varying(255), "created_at" timestamp, "updated_at" timestamp) [0m
  [1m[35mSQL (0.3ms)[0m  INSERT INTO "schema_migrations" ("version") VALUES ($1)  [["version", "20141001194152"]]
  [1m[36m (41.2ms)[0m  [1mCOMMIT[0m
Migrating to CreatePortfolios (20141001194349)
  [1m[35m (0.4ms)[0m  BEGIN
  [1m[36m (2.7ms)[0m  [1mCREATE TABLE "portfolios" ("id" serial primary key, "user_id" integer, "name" character varying(255), "league_id" integer, "created_at" timestamp, "updated_at" timestamp) [0m
  [1m[35mSQL (0.2ms)[0m  INSERT INTO "schema_migrations" ("version") VALUES ($1)  [["version", "20141001194349"]]
  [1m[36m (0.6ms)[0m  [1mCOMMIT[0m
Migrating to CreateAllocations (20141001194422)
  [1m[35m (0.1ms)[0m  BEGIN
  [1m[36m (22.7ms)[0m  [1mCREATE TABLE "allocations" ("id" serial primary key, "portfolio_id" integer, "amount" integer, "stock_id" integer, "created_at" timestamp, "updated_at" timestamp) [0m
  [1m[35mSQL (0.2ms)[0m  INSERT INTO "schema_migrations" ("version") VALUES ($1)  [["version", "20141001194422"]]
  [1m[36m (1.0ms)[0m  [1mCOMMIT[0m
Migrating to CreateTrades (20141001194549)
  [1m[35m (0.3ms)[0m  BEGIN
  [1m[36m (2.8ms)[0m  [1mCREATE TABLE "trades" ("id" serial primary key, "portfolio_id" integer, "amount" integer, "stock_id" integer, "buy" boolean, "created_at" timestamp, "updated_at" timestamp) [0m
  [1m[35mSQL (0.1ms)[0m  INSERT INTO "schema_migrations" ("version") VALUES ($1)  [["version", "20141001194549"]]
  [1m[36m (0.5ms)[0m  [1mCOMMIT[0m
Migrating to CreateStocks (20141001194833)
  [1m[35m (0.2ms)[0m  BEGIN
  [1m[36m (3.3ms)[0m  [1mCREATE TABLE "stocks" ("id" serial primary key, "sector_id" integer, "ticker_symbol" character varying(255), "name" character varying(255), "created_at" timestamp, "updated_at" timestamp) [0m
  [1m[35mSQL (0.2ms)[0m  INSERT INTO "schema_migrations" ("version") VALUES ($1)  [["version", "20141001194833"]]
  [1m[36m (0.6ms)[0m  [1mCOMMIT[0m
Migrating to CreateSectors (20141001194844)
  [1m[35m (0.1ms)[0m  BEGIN
  [1m[36m (27.4ms)[0m  [1mCREATE TABLE "sectors" ("id" serial primary key, "name" character varying(255), "created_at" timestamp, "updated_at" timestamp) [0m
  [1m[35mSQL (0.1ms)[0m  INSERT INTO "schema_migrations" ("version") VALUES ($1)  [["version", "20141001194844"]]
  [1m[36m (0.6ms)[0m  [1mCOMMIT[0m
Migrating to CreateLeagues (20141001194940)
  [1m[35m (0.2ms)[0m  BEGIN
  [1m[36m (2.3ms)[0m  [1mCREATE TABLE "leagues" ("id" serial primary key, "name" character varying(255), "commissioner_id" integer, "created_at" timestamp, "updated_at" timestamp) [0m
  [1m[35mSQL (0.2ms)[0m  INSERT INTO "schema_migrations" ("version") VALUES ($1)  [["version", "20141001194940"]]
  [1m[36m (0.5ms)[0m  [1mCOMMIT[0m
  [1m[35mActiveRecord::SchemaMigration Load (0.2ms)[0m  SELECT "schema_migrations".* FROM "schema_migrations"
  [1m[36mActiveRecord::SchemaMigration Load (0.5ms)[0m  [1mSELECT "schema_migrations".* FROM "schema_migrations"[0m
  [1m[36m (31.6ms)[0m  [1mCREATE TABLE "schema_migrations" ("version" character varying(255) NOT NULL) [0m
  [1m[35m (1.8ms)[0m  CREATE UNIQUE INDEX  "unique_schema_migrations" ON "schema_migrations"  ("version")
  [1m[36mActiveRecord::SchemaMigration Load (0.3ms)[0m  [1mSELECT "schema_migrations".* FROM "schema_migrations"[0m
Migrating to CreateUsers (20141001194152)
  [1m[35m (0.2ms)[0m  BEGIN
  [1m[36m (3.5ms)[0m  [1mCREATE TABLE "users" ("id" serial primary key, "username" character varying(255), "email" character varying(255), "password_digest" character varying(255), "created_at" timestamp, "updated_at" timestamp) [0m
  [1m[35mSQL (0.3ms)[0m  INSERT INTO "schema_migrations" ("version") VALUES ($1)  [["version", "20141001194152"]]
  [1m[36m (0.6ms)[0m  [1mCOMMIT[0m
Migrating to CreatePortfolios (20141001194349)
  [1m[35m (0.4ms)[0m  BEGIN
  [1m[36m (3.0ms)[0m  [1mCREATE TABLE "portfolios" ("id" serial primary key, "user_id" integer, "name" character varying(255), "league_id" integer, "created_at" timestamp, "updated_at" timestamp) [0m
  [1m[35mSQL (0.2ms)[0m  INSERT INTO "schema_migrations" ("version") VALUES ($1)  [["version", "20141001194349"]]
  [1m[36m (0.6ms)[0m  [1mCOMMIT[0m
Migrating to CreateAllocations (20141001194422)
  [1m[35m (0.3ms)[0m  BEGIN
  [1m[36m (29.4ms)[0m  [1mCREATE TABLE "allocations" ("id" serial primary key, "portfolio_id" integer, "amount" integer, "stock_id" integer, "created_at" timestamp, "updated_at" timestamp) [0m
  [1m[35mSQL (0.2ms)[0m  INSERT INTO "schema_migrations" ("version") VALUES ($1)  [["version", "20141001194422"]]
  [1m[36m (0.6ms)[0m  [1mCOMMIT[0m
Migrating to CreateTrades (20141001194549)
  [1m[35m (0.3ms)[0m  BEGIN
  [1m[36m (2.3ms)[0m  [1mCREATE TABLE "trades" ("id" serial primary key, "portfolio_id" integer, "amount" integer, "stock_id" integer, "buy" boolean, "created_at" timestamp, "updated_at" timestamp) [0m
  [1m[35mSQL (0.2ms)[0m  INSERT INTO "schema_migrations" ("version") VALUES ($1)  [["version", "20141001194549"]]
  [1m[36m (16.6ms)[0m  [1mCOMMIT[0m
Migrating to CreateStocks (20141001194833)
  [1m[35m (0.3ms)[0m  BEGIN
  [1m[36m (32.4ms)[0m  [1mCREATE TABLE "stocks" ("id" serial primary key, "sector_id" integer, "ticker_symbol" character varying(255), "name" character varying(255), "created_at" timestamp, "updated_at" timestamp) [0m
  [1m[35mSQL (0.2ms)[0m  INSERT INTO "schema_migrations" ("version") VALUES ($1)  [["version", "20141001194833"]]
  [1m[36m (0.7ms)[0m  [1mCOMMIT[0m
Migrating to CreateSectors (20141001194844)
  [1m[35m (0.3ms)[0m  BEGIN
  [1m[36m (1.8ms)[0m  [1mCREATE TABLE "sectors" ("id" serial primary key, "name" character varying(255), "created_at" timestamp, "updated_at" timestamp) [0m
  [1m[35mSQL (0.1ms)[0m  INSERT INTO "schema_migrations" ("version") VALUES ($1)  [["version", "20141001194844"]]
  [1m[36m (0.5ms)[0m  [1mCOMMIT[0m
Migrating to CreateLeagues (20141001194940)
  [1m[35m (0.1ms)[0m  BEGIN
  [1m[36m (27.9ms)[0m  [1mCREATE TABLE "leagues" ("id" serial primary key, "name" character varying(255), "commissioner_id" integer, "created_at" timestamp, "updated_at" timestamp) [0m
  [1m[35mSQL (0.2ms)[0m  INSERT INTO "schema_migrations" ("version") VALUES ($1)  [["version", "20141001194940"]]
  [1m[36m (0.6ms)[0m  [1mCOMMIT[0m
  [1m[35mActiveRecord::SchemaMigration Load (0.3ms)[0m  SELECT "schema_migrations".* FROM "schema_migrations"
  [1m[36mActiveRecord::SchemaMigration Load (0.5ms)[0m  [1mSELECT "schema_migrations".* FROM "schema_migrations"[0m
  [1m[36mActiveRecord::SchemaMigration Load (0.4ms)[0m  [1mSELECT "schema_migrations".* FROM "schema_migrations"[0m
  [1m[35m (0.2ms)[0m  BEGIN
  [1m[36mSQL (0.9ms)[0m  [1mINSERT INTO "users" ("created_at", "email", "password_digest", "updated_at", "username") VALUES ($1, $2, $3, $4, $5) RETURNING "id"[0m  [["created_at", "2014-10-02 17:19:33.262631"], ["email", "steve@steve.com"], ["password_digest", "password"], ["updated_at", "2014-10-02 17:19:33.262631"], ["username", "steve"]]
  [1m[35m (0.8ms)[0m  COMMIT
  [1m[36mActiveRecord::SchemaMigration Load (0.4ms)[0m  [1mSELECT "schema_migrations".* FROM "schema_migrations"[0m
  [1m[35m (0.2ms)[0m  BEGIN
  [1m[36mSQL (0.4ms)[0m  [1mINSERT INTO "users" ("created_at", "email", "password_digest", "updated_at", "username") VALUES ($1, $2, $3, $4, $5) RETURNING "id"[0m  [["created_at", "2014-10-02 17:20:21.518400"], ["email", "steve@steve.com"], ["password_digest", "password"], ["updated_at", "2014-10-02 17:20:21.518400"], ["username", "steve"]]
  [1m[35m (20.6ms)[0m  COMMIT
  [1m[36mActiveRecord::SchemaMigration Load (0.4ms)[0m  [1mSELECT "schema_migrations".* FROM "schema_migrations"[0m
  [1m[35m (0.2ms)[0m  BEGIN
  [1m[36mSQL (0.4ms)[0m  [1mINSERT INTO "users" ("created_at", "email", "password_digest", "updated_at", "username") VALUES ($1, $2, $3, $4, $5) RETURNING "id"[0m  [["created_at", "2014-10-02 17:21:43.561194"], ["email", "steve@steve.com"], ["password_digest", "password"], ["updated_at", "2014-10-02 17:21:43.561194"], ["username", "steve"]]
  [1m[35m (0.9ms)[0m  COMMIT
  [1m[36mActiveRecord::SchemaMigration Load (0.4ms)[0m  [1mSELECT "schema_migrations".* FROM "schema_migrations"[0m
  [1m[35m (0.3ms)[0m  BEGIN
  [1m[36mSQL (0.4ms)[0m  [1mINSERT INTO "users" ("created_at", "email", "password_digest", "updated_at", "username") VALUES ($1, $2, $3, $4, $5) RETURNING "id"[0m  [["created_at", "2014-10-02 17:21:50.091668"], ["email", "steve@steve.com"], ["password_digest", "password"], ["updated_at", "2014-10-02 17:21:50.091668"], ["username", "steve"]]
  [1m[35m (0.7ms)[0m  COMMIT
  [1m[36mPortfolio Load (0.5ms)[0m  [1mSELECT "portfolios".* FROM "portfolios"[0m
  [1m[36mUser Load (0.6ms)[0m  [1mSELECT "users".* FROM "users"[0m
  [1m[35mUser Load (0.5ms)[0m  SELECT "users".* FROM "users"  WHERE "users"."id" IN (2, 3, 4)
  [1m[36m (0.1ms)[0m  [1mBEGIN[0m
  [1m[35mSQL (0.3ms)[0m  DELETE FROM "users" WHERE "users"."id" = $1  [["id", 2]]
  [1m[36m (0.5ms)[0m  [1mCOMMIT[0m
  [1m[35m (0.1ms)[0m  BEGIN
  [1m[36mSQL (0.1ms)[0m  [1mDELETE FROM "users" WHERE "users"."id" = $1[0m  [["id", 3]]
  [1m[35m (0.4ms)[0m  COMMIT
  [1m[36m (0.1ms)[0m  [1mBEGIN[0m
  [1m[35mSQL (0.1ms)[0m  DELETE FROM "users" WHERE "users"."id" = $1  [["id", 4]]
  [1m[36m (0.4ms)[0m  [1mCOMMIT[0m
  [1m[35mUser Load (0.4ms)[0m  SELECT "users".* FROM "users"
  [1m[36mUser Load (0.5ms)[0m  [1mSELECT  "users".* FROM "users"   ORDER BY "users"."id" ASC LIMIT 1[0m
  [1m[36mUser Load (0.7ms)[0m  [1mSELECT  "users".* FROM "users"   ORDER BY "users"."id" ASC LIMIT 1[0m
  [1m[35mLeague Load (0.5ms)[0m  SELECT "leagues".* FROM "leagues"  WHERE "leagues"."commissioner_id" = $1  [["commissioner_id", 1]]
  [1m[36mUser Load (0.6ms)[0m  [1mSELECT  "users".* FROM "users"   ORDER BY "users"."id" ASC LIMIT 1[0m
  [1m[36mUser Load (0.6ms)[0m  [1mSELECT  "users".* FROM "users"   ORDER BY "users"."id" ASC LIMIT 1[0m
  [1m[35m (0.2ms)[0m  BEGIN
  [1m[36mSQL (0.3ms)[0m  [1mDELETE FROM "users" WHERE "users"."id" = $1[0m  [["id", 1]]
  [1m[35m (0.6ms)[0m  COMMIT
  [1m[36mActiveRecord::SchemaMigration Load (0.5ms)[0m  [1mSELECT "schema_migrations".* FROM "schema_migrations"[0m
  [1m[35m (0.2ms)[0m  BEGIN
  [1m[36mSQL (0.4ms)[0m  [1mINSERT INTO "users" ("created_at", "email", "password_digest", "updated_at", "username") VALUES ($1, $2, $3, $4, $5) RETURNING "id"[0m  [["created_at", "2014-10-02 17:44:16.383626"], ["email", "steve@steve.com"], ["password_digest", "password"], ["updated_at", "2014-10-02 17:44:16.383626"], ["username", "steve"]]
  [1m[35m (0.7ms)[0m  COMMIT
  [1m[36m (0.2ms)[0m  [1mBEGIN[0m
  [1m[35mSQL (0.4ms)[0m  INSERT INTO "leagues" ("commissioner_id", "created_at", "name", "updated_at") VALUES ($1, $2, $3, $4) RETURNING "id"  [["commissioner_id", 5], ["created_at", "2014-10-02 17:44:16.401307"], ["name", "investing"], ["updated_at", "2014-10-02 17:44:16.401307"]]
  [1m[36m (0.4ms)[0m  [1mCOMMIT[0m
  [1m[35m (0.2ms)[0m  BEGIN
  [1m[36mSQL (0.4ms)[0m  [1mINSERT INTO "portfolios" ("created_at", "league_id", "name", "updated_at", "user_id") VALUES ($1, $2, $3, $4, $5) RETURNING "id"[0m  [["created_at", "2014-10-02 17:44:16.411527"], ["league_id", 1], ["name", "portfolio"], ["updated_at", "2014-10-02 17:44:16.411527"], ["user_id", 5]]
  [1m[35m (0.5ms)[0m  COMMIT


Started GET "/" for 127.0.0.1 at 2014-10-02 12:44:42 -0500
  [1m[36mActiveRecord::SchemaMigration Load (0.3ms)[0m  [1mSELECT "schema_migrations".* FROM "schema_migrations"[0m
Processing by Rails::WelcomeController#index as HTML
  Rendered /Users/spikelny/.rbenv/versions/2.0.0-p481/lib/ruby/gems/2.0.0/gems/railties-4.1.5/lib/rails/templates/rails/welcome/index.html.erb (2.5ms)
Completed 200 OK in 172ms (Views: 171.8ms | ActiveRecord: 0.0ms)


Started GET "/api/v1/user/1/portfolio/1" for 127.0.0.1 at 2014-10-02 12:45:38 -0500

ActionController::RoutingError (uninitialized constant Api):
  activesupport (4.1.5) lib/active_support/inflector/methods.rb:238:in `const_get'
  activesupport (4.1.5) lib/active_support/inflector/methods.rb:238:in `block in constantize'
  activesupport (4.1.5) lib/active_support/inflector/methods.rb:236:in `each'
  activesupport (4.1.5) lib/active_support/inflector/methods.rb:236:in `inject'
  activesupport (4.1.5) lib/active_support/inflector/methods.rb:236:in `constantize'
  actionpack (4.1.5) lib/action_dispatch/routing/route_set.rb:78:in `controller_reference'
  actionpack (4.1.5) lib/action_dispatch/routing/route_set.rb:68:in `controller'
  actionpack (4.1.5) lib/action_dispatch/routing/route_set.rb:46:in `call'
  actionpack (4.1.5) lib/action_dispatch/journey/router.rb:71:in `block in call'
  actionpack (4.1.5) lib/action_dispatch/journey/router.rb:59:in `each'
  actionpack (4.1.5) lib/action_dispatch/journey/router.rb:59:in `call'
  actionpack (4.1.5) lib/action_dispatch/routing/route_set.rb:678:in `call'
  rack (1.5.2) lib/rack/etag.rb:23:in `call'
  rack (1.5.2) lib/rack/conditionalget.rb:25:in `call'
  rack (1.5.2) lib/rack/head.rb:11:in `call'
  actionpack (4.1.5) lib/action_dispatch/middleware/params_parser.rb:27:in `call'
  activerecord (4.1.5) lib/active_record/query_cache.rb:36:in `call'
  activerecord (4.1.5) lib/active_record/connection_adapters/abstract/connection_pool.rb:621:in `call'
  activerecord (4.1.5) lib/active_record/migration.rb:380:in `call'
  actionpack (4.1.5) lib/action_dispatch/middleware/callbacks.rb:29:in `block in call'
  activesupport (4.1.5) lib/active_support/callbacks.rb:82:in `run_callbacks'
  actionpack (4.1.5) lib/action_dispatch/middleware/callbacks.rb:27:in `call'
  actionpack (4.1.5) lib/action_dispatch/middleware/reloader.rb:73:in `call'
  actionpack (4.1.5) lib/action_dispatch/middleware/remote_ip.rb:76:in `call'
  actionpack (4.1.5) lib/action_dispatch/middleware/debug_exceptions.rb:17:in `call'
  actionpack (4.1.5) lib/action_dispatch/middleware/show_exceptions.rb:30:in `call'
  railties (4.1.5) lib/rails/rack/logger.rb:38:in `call_app'
  railties (4.1.5) lib/rails/rack/logger.rb:20:in `block in call'
  activesupport (4.1.5) lib/active_support/tagged_logging.rb:68:in `block in tagged'
  activesupport (4.1.5) lib/active_support/tagged_logging.rb:26:in `tagged'
  activesupport (4.1.5) lib/active_support/tagged_logging.rb:68:in `tagged'
  railties (4.1.5) lib/rails/rack/logger.rb:20:in `call'
  actionpack (4.1.5) lib/action_dispatch/middleware/request_id.rb:21:in `call'
  rack (1.5.2) lib/rack/runtime.rb:17:in `call'
  activesupport (4.1.5) lib/active_support/cache/strategy/local_cache_middleware.rb:26:in `call'
  rack (1.5.2) lib/rack/lock.rb:17:in `call'
  actionpack (4.1.5) lib/action_dispatch/middleware/static.rb:64:in `call'
  railties (4.1.5) lib/rails/engine.rb:514:in `call'
  railties (4.1.5) lib/rails/application.rb:144:in `call'
  rack (1.5.2) lib/rack/lock.rb:17:in `call'
  rack (1.5.2) lib/rack/content_length.rb:14:in `call'
  rack (1.5.2) lib/rack/handler/webrick.rb:60:in `service'
  /Users/spikelny/.rbenv/versions/2.0.0-p481/lib/ruby/2.0.0/webrick/httpserver.rb:138:in `service'
  /Users/spikelny/.rbenv/versions/2.0.0-p481/lib/ruby/2.0.0/webrick/httpserver.rb:94:in `run'
  /Users/spikelny/.rbenv/versions/2.0.0-p481/lib/ruby/2.0.0/webrick/server.rb:295:in `block in start_thread'


  Rendered /Users/spikelny/.rbenv/versions/2.0.0-p481/lib/ruby/gems/2.0.0/gems/actionpack-4.1.5/lib/action_dispatch/middleware/templates/rescues/_trace.html.erb (1.7ms)
  Rendered /Users/spikelny/.rbenv/versions/2.0.0-p481/lib/ruby/gems/2.0.0/gems/actionpack-4.1.5/lib/action_dispatch/middleware/templates/routes/_route.html.erb (2.1ms)
  Rendered /Users/spikelny/.rbenv/versions/2.0.0-p481/lib/ruby/gems/2.0.0/gems/actionpack-4.1.5/lib/action_dispatch/middleware/templates/routes/_table.html.erb (134.8ms)
  Rendered /Users/spikelny/.rbenv/versions/2.0.0-p481/lib/ruby/gems/2.0.0/gems/actionpack-4.1.5/lib/action_dispatch/middleware/templates/rescues/routing_error.html.erb within rescues/layout (269.3ms)


Started GET "/api/v1/user/1/portfolio/1" for 127.0.0.1 at 2014-10-02 12:46:22 -0500

ActionController::RoutingError (uninitialized constant Api):
  activesupport (4.1.5) lib/active_support/inflector/methods.rb:238:in `const_get'
  activesupport (4.1.5) lib/active_support/inflector/methods.rb:238:in `block in constantize'
  activesupport (4.1.5) lib/active_support/inflector/methods.rb:236:in `each'
  activesupport (4.1.5) lib/active_support/inflector/methods.rb:236:in `inject'
  activesupport (4.1.5) lib/active_support/inflector/methods.rb:236:in `constantize'
  actionpack (4.1.5) lib/action_dispatch/routing/route_set.rb:78:in `controller_reference'
  actionpack (4.1.5) lib/action_dispatch/routing/route_set.rb:68:in `controller'
  actionpack (4.1.5) lib/action_dispatch/routing/route_set.rb:46:in `call'
  actionpack (4.1.5) lib/action_dispatch/journey/router.rb:71:in `block in call'
  actionpack (4.1.5) lib/action_dispatch/journey/router.rb:59:in `each'
  actionpack (4.1.5) lib/action_dispatch/journey/router.rb:59:in `call'
  actionpack (4.1.5) lib/action_dispatch/routing/route_set.rb:678:in `call'
  rack (1.5.2) lib/rack/etag.rb:23:in `call'
  rack (1.5.2) lib/rack/conditionalget.rb:25:in `call'
  rack (1.5.2) lib/rack/head.rb:11:in `call'
  actionpack (4.1.5) lib/action_dispatch/middleware/params_parser.rb:27:in `call'
  activerecord (4.1.5) lib/active_record/query_cache.rb:36:in `call'
  activerecord (4.1.5) lib/active_record/connection_adapters/abstract/connection_pool.rb:621:in `call'
  activerecord (4.1.5) lib/active_record/migration.rb:380:in `call'
  actionpack (4.1.5) lib/action_dispatch/middleware/callbacks.rb:29:in `block in call'
  activesupport (4.1.5) lib/active_support/callbacks.rb:82:in `run_callbacks'
  actionpack (4.1.5) lib/action_dispatch/middleware/callbacks.rb:27:in `call'
  actionpack (4.1.5) lib/action_dispatch/middleware/reloader.rb:73:in `call'
  actionpack (4.1.5) lib/action_dispatch/middleware/remote_ip.rb:76:in `call'
  actionpack (4.1.5) lib/action_dispatch/middleware/debug_exceptions.rb:17:in `call'
  actionpack (4.1.5) lib/action_dispatch/middleware/show_exceptions.rb:30:in `call'
  railties (4.1.5) lib/rails/rack/logger.rb:38:in `call_app'
  railties (4.1.5) lib/rails/rack/logger.rb:20:in `block in call'
  activesupport (4.1.5) lib/active_support/tagged_logging.rb:68:in `block in tagged'
  activesupport (4.1.5) lib/active_support/tagged_logging.rb:26:in `tagged'
  activesupport (4.1.5) lib/active_support/tagged_logging.rb:68:in `tagged'
  railties (4.1.5) lib/rails/rack/logger.rb:20:in `call'
  actionpack (4.1.5) lib/action_dispatch/middleware/request_id.rb:21:in `call'
  rack (1.5.2) lib/rack/runtime.rb:17:in `call'
  activesupport (4.1.5) lib/active_support/cache/strategy/local_cache_middleware.rb:26:in `call'
  rack (1.5.2) lib/rack/lock.rb:17:in `call'
  actionpack (4.1.5) lib/action_dispatch/middleware/static.rb:64:in `call'
  railties (4.1.5) lib/rails/engine.rb:514:in `call'
  railties (4.1.5) lib/rails/application.rb:144:in `call'
  rack (1.5.2) lib/rack/lock.rb:17:in `call'
  rack (1.5.2) lib/rack/content_length.rb:14:in `call'
  rack (1.5.2) lib/rack/handler/webrick.rb:60:in `service'
  /Users/spikelny/.rbenv/versions/2.0.0-p481/lib/ruby/2.0.0/webrick/httpserver.rb:138:in `service'
  /Users/spikelny/.rbenv/versions/2.0.0-p481/lib/ruby/2.0.0/webrick/httpserver.rb:94:in `run'
  /Users/spikelny/.rbenv/versions/2.0.0-p481/lib/ruby/2.0.0/webrick/server.rb:295:in `block in start_thread'


  Rendered /Users/spikelny/.rbenv/versions/2.0.0-p481/lib/ruby/gems/2.0.0/gems/actionpack-4.1.5/lib/action_dispatch/middleware/templates/rescues/_trace.html.erb (0.8ms)
  Rendered /Users/spikelny/.rbenv/versions/2.0.0-p481/lib/ruby/gems/2.0.0/gems/actionpack-4.1.5/lib/action_dispatch/middleware/templates/routes/_route.html.erb (1.2ms)
  Rendered /Users/spikelny/.rbenv/versions/2.0.0-p481/lib/ruby/gems/2.0.0/gems/actionpack-4.1.5/lib/action_dispatch/middleware/templates/routes/_table.html.erb (0.8ms)
  Rendered /Users/spikelny/.rbenv/versions/2.0.0-p481/lib/ruby/gems/2.0.0/gems/actionpack-4.1.5/lib/action_dispatch/middleware/templates/rescues/routing_error.html.erb within rescues/layout (19.2ms)


Started GET "/user/1/portfolio/1" for 127.0.0.1 at 2014-10-02 12:46:51 -0500

ActionController::RoutingError (No route matches [GET] "/user/1/portfolio/1"):
  actionpack (4.1.5) lib/action_dispatch/middleware/debug_exceptions.rb:21:in `call'
  actionpack (4.1.5) lib/action_dispatch/middleware/show_exceptions.rb:30:in `call'
  railties (4.1.5) lib/rails/rack/logger.rb:38:in `call_app'
  railties (4.1.5) lib/rails/rack/logger.rb:20:in `block in call'
  activesupport (4.1.5) lib/active_support/tagged_logging.rb:68:in `block in tagged'
  activesupport (4.1.5) lib/active_support/tagged_logging.rb:26:in `tagged'
  activesupport (4.1.5) lib/active_support/tagged_logging.rb:68:in `tagged'
  railties (4.1.5) lib/rails/rack/logger.rb:20:in `call'
  actionpack (4.1.5) lib/action_dispatch/middleware/request_id.rb:21:in `call'
  rack (1.5.2) lib/rack/runtime.rb:17:in `call'
  activesupport (4.1.5) lib/active_support/cache/strategy/local_cache_middleware.rb:26:in `call'
  rack (1.5.2) lib/rack/lock.rb:17:in `call'
  actionpack (4.1.5) lib/action_dispatch/middleware/static.rb:64:in `call'
  railties (4.1.5) lib/rails/engine.rb:514:in `call'
  railties (4.1.5) lib/rails/application.rb:144:in `call'
  rack (1.5.2) lib/rack/lock.rb:17:in `call'
  rack (1.5.2) lib/rack/content_length.rb:14:in `call'
  rack (1.5.2) lib/rack/handler/webrick.rb:60:in `service'
  /Users/spikelny/.rbenv/versions/2.0.0-p481/lib/ruby/2.0.0/webrick/httpserver.rb:138:in `service'
  /Users/spikelny/.rbenv/versions/2.0.0-p481/lib/ruby/2.0.0/webrick/httpserver.rb:94:in `run'
  /Users/spikelny/.rbenv/versions/2.0.0-p481/lib/ruby/2.0.0/webrick/server.rb:295:in `block in start_thread'


  Rendered /Users/spikelny/.rbenv/versions/2.0.0-p481/lib/ruby/gems/2.0.0/gems/actionpack-4.1.5/lib/action_dispatch/middleware/templates/rescues/_trace.html.erb (0.9ms)
  Rendered /Users/spikelny/.rbenv/versions/2.0.0-p481/lib/ruby/gems/2.0.0/gems/actionpack-4.1.5/lib/action_dispatch/middleware/templates/routes/_route.html.erb (1.4ms)
  Rendered /Users/spikelny/.rbenv/versions/2.0.0-p481/lib/ruby/gems/2.0.0/gems/actionpack-4.1.5/lib/action_dispatch/middleware/templates/routes/_table.html.erb (0.9ms)
  Rendered /Users/spikelny/.rbenv/versions/2.0.0-p481/lib/ruby/gems/2.0.0/gems/actionpack-4.1.5/lib/action_dispatch/middleware/templates/rescues/routing_error.html.erb within rescues/layout (18.9ms)


Started GET "/user/1/portfolio/1" for 127.0.0.1 at 2014-10-02 12:47:51 -0500
Processing by PortfolioController#show as HTML
  Parameters: {"user_id"=>"1", "id"=>"1"}
  [1m[35mPortfolio Load (0.4ms)[0m  SELECT  "portfolios".* FROM "portfolios"  WHERE "portfolios"."id" = 1 LIMIT 1
Completed 200 OK in 43ms (ActiveRecord: 2.1ms)


Started GET "/user/1/portfolio/1" for 127.0.0.1 at 2014-10-02 12:48:46 -0500
Processing by PortfolioController#show as HTML
  Parameters: {"user_id"=>"1", "id"=>"1"}
  [1m[36mPortfolio Load (0.3ms)[0m  [1mSELECT  "portfolios".* FROM "portfolios"  WHERE "portfolios"."id" = 1 LIMIT 1[0m
Completed 200 OK in 8ms (Views: 0.5ms | ActiveRecord: 1.6ms)


Started GET "/user/1/portfolio" for 127.0.0.1 at 2014-10-02 12:49:22 -0500
Processing by PortfolioController#index as HTML
  Parameters: {"user_id"=>"1"}
  [1m[35mPortfolio Load (0.3ms)[0m  SELECT "portfolios".* FROM "portfolios"
Completed 200 OK in 8ms (Views: 4.4ms | ActiveRecord: 1.7ms)


Started GET "/" for 127.0.0.1 at 2014-10-02 12:55:55 -0500
Processing by Rails::WelcomeController#index as HTML
  Rendered /Users/spikelny/.rbenv/versions/2.0.0-p481/lib/ruby/gems/2.0.0/gems/railties-4.1.5/lib/rails/templates/rails/welcome/index.html.erb (0.0ms)
Completed 200 OK in 1ms (Views: 0.9ms | ActiveRecord: 0.0ms)


Started GET "/api/v1/user/1/portfolio/1" for 127.0.0.1 at 2014-10-02 12:56:11 -0500
Processing by Api::V1::PortfolioController#show as HTML
  Parameters: {"user_id"=>"1", "id"=>"1"}
  [1m[36mPortfolio Load (0.2ms)[0m  [1mSELECT  "portfolios".* FROM "portfolios"  WHERE "portfolios"."id" = 1 LIMIT 1[0m
Completed 200 OK in 8ms (Views: 0.4ms | ActiveRecord: 1.5ms)
